[debug] [2026-06-09T18:52:19.099Z] ----------------------------------------------------------------------
[debug] [2026-06-09T18:52:19.101Z] Command:       C:\Program Files\nodejs\node.exe C:\Users\Admin\AppData\Roaming\npm\node_modules\firebase-tools\lib\bin\firebase.js deploy --only functions
[debug] [2026-06-09T18:52:19.101Z] CLI Version:   15.19.1
[debug] [2026-06-09T18:52:19.101Z] Platform:      win32
[debug] [2026-06-09T18:52:19.101Z] Node Version:  v22.22.3
[debug] [2026-06-09T18:52:19.102Z] Time:          Wed Jun 10 2026 00:22:19 GMT+0530 (India Standard Time)
[debug] [2026-06-09T18:52:19.102Z] ----------------------------------------------------------------------
[debug] 
[debug] [2026-06-09T18:52:20.485Z] > command requires scopes: ["email","openid","https://www.googleapis.com/auth/cloudplatformprojects.readonly","https://www.googleapis.com/auth/firebase","https://www.googleapis.com/auth/cloud-platform"]
[debug] [2026-06-09T18:52:20.485Z] > authorizing via signed-in user (ajrdigitalhub@gmail.com)
[debug] [2026-06-09T18:52:20.485Z] [iam] checking project ajr3dgalaxy for permissions ["cloudfunctions.functions.create","cloudfunctions.functions.delete","cloudfunctions.functions.get","cloudfunctions.functions.list","cloudfunctions.functions.update","cloudfunctions.operations.get","firebase.projects.get"]
[debug] [2026-06-09T18:52:20.486Z] Checked if tokens are valid: true, expires at: 1781032521533
[debug] [2026-06-09T18:52:20.486Z] Checked if tokens are valid: true, expires at: 1781032521533
[debug] [2026-06-09T18:52:20.487Z] >>> [apiv2][query] POST https://cloudresourcemanager.googleapis.com/v1/projects/ajr3dgalaxy:testIamPermissions [none]
[debug] [2026-06-09T18:52:20.487Z] >>> [apiv2][(partial)header] POST https://cloudresourcemanager.googleapis.com/v1/projects/ajr3dgalaxy:testIamPermissions  x-goog-user-project=ajr3dgalaxy
[debug] [2026-06-09T18:52:20.487Z] >>> [apiv2][body] POST https://cloudresourcemanager.googleapis.com/v1/projects/ajr3dgalaxy:testIamPermissions {"permissions":["cloudfunctions.functions.create","cloudfunctions.functions.delete","cloudfunctions.functions.get","cloudfunctions.functions.list","cloudfunctions.functions.update","cloudfunctions.operations.get","firebase.projects.get"]}
[debug] [2026-06-09T18:52:22.168Z] <<< [apiv2][status] POST https://cloudresourcemanager.googleapis.com/v1/projects/ajr3dgalaxy:testIamPermissions 200
[debug] [2026-06-09T18:52:22.168Z] <<< [apiv2][body] POST https://cloudresourcemanager.googleapis.com/v1/projects/ajr3dgalaxy:testIamPermissions {"permissions":["cloudfunctions.functions.create","cloudfunctions.functions.delete","cloudfunctions.functions.get","cloudfunctions.functions.list","cloudfunctions.functions.update","cloudfunctions.operations.get","firebase.projects.get"]}
[debug] [2026-06-09T18:52:22.169Z] Checked if tokens are valid: true, expires at: 1781032521533
[debug] [2026-06-09T18:52:22.169Z] Checked if tokens are valid: true, expires at: 1781032521533
[debug] [2026-06-09T18:52:22.169Z] >>> [apiv2][query] POST https://iam.googleapis.com/v1/projects/ajr3dgalaxy/serviceAccounts/ajr3dgalaxy@appspot.gserviceaccount.com:testIamPermissions [none]
[debug] [2026-06-09T18:52:22.169Z] >>> [apiv2][body] POST https://iam.googleapis.com/v1/projects/ajr3dgalaxy/serviceAccounts/ajr3dgalaxy@appspot.gserviceaccount.com:testIamPermissions {"permissions":["iam.serviceAccounts.actAs"]}
[debug] [2026-06-09T18:52:23.830Z] <<< [apiv2][status] POST https://iam.googleapis.com/v1/projects/ajr3dgalaxy/serviceAccounts/ajr3dgalaxy@appspot.gserviceaccount.com:testIamPermissions 200
[debug] [2026-06-09T18:52:23.830Z] <<< [apiv2][body] POST https://iam.googleapis.com/v1/projects/ajr3dgalaxy/serviceAccounts/ajr3dgalaxy@appspot.gserviceaccount.com:testIamPermissions {"permissions":["iam.serviceAccounts.actAs"]}
[info] 
[info] === Deploying to 'ajr3dgalaxy'...
[info] 
[info] i  deploying functions 
[info] +  functions: Finished running predeploy script. 
[debug] [2026-06-09T18:52:23.833Z] Checked if tokens are valid: true, expires at: 1781032521533
[debug] [2026-06-09T18:52:23.833Z] Checked if tokens are valid: true, expires at: 1781032521533
[debug] [2026-06-09T18:52:23.833Z] >>> [apiv2][query] GET https://cloudresourcemanager.googleapis.com/v1/projects/ajr3dgalaxy [none]
[debug] [2026-06-09T18:52:24.224Z] <<< [apiv2][status] GET https://cloudresourcemanager.googleapis.com/v1/projects/ajr3dgalaxy 200
[debug] [2026-06-09T18:52:24.224Z] <<< [apiv2][body] GET https://cloudresourcemanager.googleapis.com/v1/projects/ajr3dgalaxy {"projectNumber":"111872927152","projectId":"ajr3dgalaxy","lifecycleState":"ACTIVE","name":"3dGalaxy","labels":{"firebase":"enabled","firebase-core":"disabled"},"createTime":"2026-06-07T17:29:32.726Z"}
[info] i  functions: preparing codebase default for deployment 
[info] i  functions: ensuring required API cloudfunctions.googleapis.com is enabled... 
[info] i  functions: ensuring required API cloudbuild.googleapis.com is enabled... 
[info] i  artifactregistry: ensuring required API artifactregistry.googleapis.com is enabled... 
[debug] [2026-06-09T18:52:24.226Z] Checked if tokens are valid: true, expires at: 1781032521533
[debug] [2026-06-09T18:52:24.226Z] Checked if tokens are valid: true, expires at: 1781032521533
[debug] [2026-06-09T18:52:24.226Z] >>> [apiv2][query] GET https://firebase.googleapis.com/v1beta1/projects/ajr3dgalaxy/adminSdkConfig [none]
[debug] [2026-06-09T18:52:25.547Z] <<< [apiv2][status] GET https://firebase.googleapis.com/v1beta1/projects/ajr3dgalaxy/adminSdkConfig 200
[debug] [2026-06-09T18:52:25.547Z] <<< [apiv2][body] GET https://firebase.googleapis.com/v1beta1/projects/ajr3dgalaxy/adminSdkConfig {"projectId":"ajr3dgalaxy","storageBucket":"ajr3dgalaxy.firebasestorage.app"}
[debug] [2026-06-09T18:52:25.548Z] Validating nodejs source
[debug] [2026-06-09T18:52:26.481Z] > [functions] package.json contents: {
  "name": "functions",
  "version": "1.0.0",
  "description": "Customizable B2B 3D Fabricator Storefront Backend",
  "scripts": {
    "serve": "firebase emulators:start --only functions",
    "shell": "firebase functions:shell",
    "start": "npm run shell",
    "deploy": "firebase deploy --only functions",
    "logs": "firebase functions:log",
    "build": "npx prisma generate && tsc",
    "dev": "npx prisma generate && ts-node-dev --respawn --transpile-only src/server.ts",
    "prisma:generate": "prisma generate",
    "prisma:migrate": "prisma migrate dev",
    "prisma:seed": "ts-node prisma/seed.ts"
  },
  "engines": {
    "node": "24"
  },
  "main": "index.js",
  "dependencies": {
    "firebase-admin": "^13.6.0",
    "firebase-functions": "^7.0.0",
    "@prisma/client": "^5.10.0",
    "bcryptjs": "^2.4.3",
    "cors": "^2.8.5",
    "dotenv": "^16.4.5",
    "express": "^4.18.3",
    "jsonwebtoken": "^9.0.2",
    "multer": "^1.4.5-lts.1",
    "pg": "^8.11.3",
    "swagger-ui-express": "^5.0.0",
    "zod": "^3.22.4"
  },
  "devDependencies": {
    "firebase-functions-test": "^3.4.1",
    "@types/bcryptjs": "^2.4.6",
    "@types/cors": "^2.8.17",
    "@types/express": "^4.17.21",
    "@types/jsonwebtoken": "^9.0.6",
    "@types/multer": "^1.4.11",
    "@types/node": "^20.11.24",
    "@types/pg": "^8.11.2",
    "@types/swagger-ui-express": "^4.1.6",
    "prisma": "^5.10.0",
    "ts-node": "^10.9.2",
    "ts-node-dev": "^2.0.0",
    "typescript": "^5.3.3"
  },
  "private": true
}
[debug] [2026-06-09T18:52:26.481Z] Building nodejs source
[info] i  functions: Loading and analyzing source code for codebase default to determine what to deploy 
[debug] [2026-06-09T18:52:26.483Z] Could not find functions.yaml. Must use http discovery
[debug] [2026-06-09T18:52:26.494Z] Found firebase-functions binary at 'D:\Web Dev\3DGalaxy-Hub\3dgalaxy\functions\node_modules\.bin\firebase-functions'
[info] Serving at port 8955

[debug] [2026-06-09T18:52:27.023Z] Got response from /__/functions.yaml {"endpoints":{"api":{"availableMemoryMb":null,"timeoutSeconds":null,"minInstances":null,"maxInstances":null,"ingressSettings":null,"concurrency":null,"serviceAccountEmail":null,"vpc":null,"platform":"gcfv2","labels":{},"httpsTrigger":{},"entryPoint":"api"}},"specVersion":"v1alpha1","requiredAPIs":[],"extensions":{}}
[debug] [2026-06-09T18:52:31.055Z] Checked if tokens are valid: true, expires at: 1781032521533
[debug] [2026-06-09T18:52:31.056Z] Checked if tokens are valid: true, expires at: 1781032521533
[debug] [2026-06-09T18:52:31.056Z] >>> [apiv2][query] GET https://cloudfunctions.googleapis.com/v1/projects/ajr3dgalaxy/locations/-/functions [none]
[debug] [2026-06-09T18:52:32.328Z] <<< [apiv2][status] GET https://cloudfunctions.googleapis.com/v1/projects/ajr3dgalaxy/locations/-/functions 200
[debug] [2026-06-09T18:52:32.328Z] <<< [apiv2][body] GET https://cloudfunctions.googleapis.com/v1/projects/ajr3dgalaxy/locations/-/functions {}
[debug] [2026-06-09T18:52:32.329Z] Checked if tokens are valid: true, expires at: 1781032521533
[debug] [2026-06-09T18:52:32.329Z] Checked if tokens are valid: true, expires at: 1781032521533
[debug] [2026-06-09T18:52:32.329Z] >>> [apiv2][query] GET https://cloudfunctions.googleapis.com/v2/projects/ajr3dgalaxy/locations/-/functions filter=environment%3D%22GEN_2%22
[debug] [2026-06-09T18:52:34.029Z] <<< [apiv2][status] GET https://cloudfunctions.googleapis.com/v2/projects/ajr3dgalaxy/locations/-/functions 200
[debug] [2026-06-09T18:52:34.029Z] <<< [apiv2][body] GET https://cloudfunctions.googleapis.com/v2/projects/ajr3dgalaxy/locations/-/functions {}
[info] i  extensions: ensuring required API firebaseextensions.googleapis.com is enabled... 
[debug] [2026-06-09T18:52:34.030Z] Checked if tokens are valid: true, expires at: 1781032521533
[debug] [2026-06-09T18:52:34.030Z] Checked if tokens are valid: true, expires at: 1781032521533
[debug] [2026-06-09T18:52:34.030Z] >>> [apiv2][query] GET https://serviceusage.googleapis.com/v1/projects/ajr3dgalaxy/services/firebaseextensions.googleapis.com [none]
[debug] [2026-06-09T18:52:34.030Z] >>> [apiv2][(partial)header] GET https://serviceusage.googleapis.com/v1/projects/ajr3dgalaxy/services/firebaseextensions.googleapis.com  x-goog-user-project=ajr3dgalaxy
[debug] [2026-06-09T18:52:35.730Z] <<< [apiv2][status] GET https://serviceusage.googleapis.com/v1/projects/ajr3dgalaxy/services/firebaseextensions.googleapis.com 200
[debug] [2026-06-09T18:52:35.730Z] <<< [apiv2][body] GET https://serviceusage.googleapis.com/v1/projects/ajr3dgalaxy/services/firebaseextensions.googleapis.com [omitted]
[warn] !  extensions: missing required API firebaseextensions.googleapis.com. Enabling now... 
[debug] [2026-06-09T18:52:35.731Z] Checked if tokens are valid: true, expires at: 1781032521533
[debug] [2026-06-09T18:52:35.731Z] Checked if tokens are valid: true, expires at: 1781032521533
[debug] [2026-06-09T18:52:35.731Z] >>> [apiv2][query] POST https://serviceusage.googleapis.com/v1/projects/ajr3dgalaxy/services/firebaseextensions.googleapis.com:enable [none]
[debug] [2026-06-09T18:52:35.731Z] >>> [apiv2][(partial)header] POST https://serviceusage.googleapis.com/v1/projects/ajr3dgalaxy/services/firebaseextensions.googleapis.com:enable  x-goog-user-project=ajr3dgalaxy
[debug] [2026-06-09T18:52:37.580Z] <<< [apiv2][status] POST https://serviceusage.googleapis.com/v1/projects/ajr3dgalaxy/services/firebaseextensions.googleapis.com:enable 200
[debug] [2026-06-09T18:52:37.580Z] <<< [apiv2][body] POST https://serviceusage.googleapis.com/v1/projects/ajr3dgalaxy/services/firebaseextensions.googleapis.com:enable [omitted]
[debug] [2026-06-09T18:52:47.592Z] > command requires scopes: ["email","openid","https://www.googleapis.com/auth/cloudplatformprojects.readonly","https://www.googleapis.com/auth/firebase","https://www.googleapis.com/auth/cloud-platform"]
[debug] [2026-06-09T18:52:47.592Z] > authorizing via signed-in user (ajrdigitalhub@gmail.com)
[debug] [2026-06-09T18:52:47.592Z] [iam] checking project ajr3dgalaxy for permissions ["firebase.projects.get","firebaseextensions.instances.list"]
[debug] [2026-06-09T18:52:47.592Z] Checked if tokens are valid: true, expires at: 1781032521533
[debug] [2026-06-09T18:52:47.592Z] Checked if tokens are valid: true, expires at: 1781032521533
[debug] [2026-06-09T18:52:47.592Z] >>> [apiv2][query] POST https://cloudresourcemanager.googleapis.com/v1/projects/ajr3dgalaxy:testIamPermissions [none]
[debug] [2026-06-09T18:52:47.592Z] >>> [apiv2][(partial)header] POST https://cloudresourcemanager.googleapis.com/v1/projects/ajr3dgalaxy:testIamPermissions  x-goog-user-project=ajr3dgalaxy
[debug] [2026-06-09T18:52:47.593Z] >>> [apiv2][body] POST https://cloudresourcemanager.googleapis.com/v1/projects/ajr3dgalaxy:testIamPermissions {"permissions":["firebase.projects.get","firebaseextensions.instances.list"]}
[debug] [2026-06-09T18:52:49.437Z] <<< [apiv2][status] POST https://cloudresourcemanager.googleapis.com/v1/projects/ajr3dgalaxy:testIamPermissions 200
[debug] [2026-06-09T18:52:49.437Z] <<< [apiv2][body] POST https://cloudresourcemanager.googleapis.com/v1/projects/ajr3dgalaxy:testIamPermissions {"permissions":["firebase.projects.get","firebaseextensions.instances.list"]}
[debug] [2026-06-09T18:52:49.438Z] Checked if tokens are valid: true, expires at: 1781032521533
[debug] [2026-06-09T18:52:49.438Z] Checked if tokens are valid: true, expires at: 1781032521533
[debug] [2026-06-09T18:52:49.438Z] >>> [apiv2][query] GET https://firebaseextensions.googleapis.com/v1beta/projects/ajr3dgalaxy/instances pageSize=100&pageToken=
[debug] [2026-06-09T18:52:53.242Z] <<< [apiv2][status] GET https://firebaseextensions.googleapis.com/v1beta/projects/ajr3dgalaxy/instances 200
[debug] [2026-06-09T18:52:53.242Z] <<< [apiv2][body] GET https://firebaseextensions.googleapis.com/v1beta/projects/ajr3dgalaxy/instances {}
[debug] [2026-06-09T18:52:53.243Z] Failed to validate key PORT: Error: Key PORT is reserved for internal use.
[error] Error: Failed to load environment variables from .env.:
[error] - Error Key PORT is reserved for internal use.
