[debug] [2026-06-09T17:50:11.779Z] ----------------------------------------------------------------------
[debug] [2026-06-09T17:50:11.782Z] Command:       C:\Program Files\nodejs\node.exe C:\Users\Admin\AppData\Roaming\npm\node_modules\firebase-tools\lib\bin\firebase.js deploy --only functions
[debug] [2026-06-09T17:50:11.782Z] CLI Version:   15.19.1
[debug] [2026-06-09T17:50:11.782Z] Platform:      win32
[debug] [2026-06-09T17:50:11.782Z] Node Version:  v22.22.3
[debug] [2026-06-09T17:50:11.782Z] Time:          Tue Jun 09 2026 23:20:11 GMT+0530 (India Standard Time)
[debug] [2026-06-09T17:50:11.782Z] ----------------------------------------------------------------------
[debug] 
[debug] [2026-06-09T17:50:13.100Z] > command requires scopes: ["email","openid","https://www.googleapis.com/auth/cloudplatformprojects.readonly","https://www.googleapis.com/auth/firebase","https://www.googleapis.com/auth/cloud-platform"]
[debug] [2026-06-09T17:50:13.100Z] > authorizing via signed-in user (ajrdigitalhub@gmail.com)
[debug] [2026-06-09T17:50:13.100Z] [iam] checking project ajr3dgalaxy for permissions ["cloudfunctions.functions.create","cloudfunctions.functions.delete","cloudfunctions.functions.get","cloudfunctions.functions.list","cloudfunctions.functions.update","cloudfunctions.operations.get","firebase.projects.get"]
[debug] [2026-06-09T17:50:13.101Z] Checked if tokens are valid: true, expires at: 1781029789035
[debug] [2026-06-09T17:50:13.101Z] Checked if tokens are valid: true, expires at: 1781029789035
[debug] [2026-06-09T17:50:13.102Z] >>> [apiv2][query] POST https://cloudresourcemanager.googleapis.com/v1/projects/ajr3dgalaxy:testIamPermissions [none]
[debug] [2026-06-09T17:50:13.102Z] >>> [apiv2][(partial)header] POST https://cloudresourcemanager.googleapis.com/v1/projects/ajr3dgalaxy:testIamPermissions  x-goog-user-project=ajr3dgalaxy
[debug] [2026-06-09T17:50:13.102Z] >>> [apiv2][body] POST https://cloudresourcemanager.googleapis.com/v1/projects/ajr3dgalaxy:testIamPermissions {"permissions":["cloudfunctions.functions.create","cloudfunctions.functions.delete","cloudfunctions.functions.get","cloudfunctions.functions.list","cloudfunctions.functions.update","cloudfunctions.operations.get","firebase.projects.get"]}
[debug] [2026-06-09T17:50:25.267Z] <<< [apiv2][status] POST https://cloudresourcemanager.googleapis.com/v1/projects/ajr3dgalaxy:testIamPermissions 200
[debug] [2026-06-09T17:50:25.267Z] <<< [apiv2][body] POST https://cloudresourcemanager.googleapis.com/v1/projects/ajr3dgalaxy:testIamPermissions {"permissions":["cloudfunctions.functions.create","cloudfunctions.functions.delete","cloudfunctions.functions.get","cloudfunctions.functions.list","cloudfunctions.functions.update","cloudfunctions.operations.get","firebase.projects.get"]}
[debug] [2026-06-09T17:50:25.268Z] Checked if tokens are valid: true, expires at: 1781029789035
[debug] [2026-06-09T17:50:25.268Z] Checked if tokens are valid: true, expires at: 1781029789035
[debug] [2026-06-09T17:50:25.268Z] >>> [apiv2][query] POST https://iam.googleapis.com/v1/projects/ajr3dgalaxy/serviceAccounts/ajr3dgalaxy@appspot.gserviceaccount.com:testIamPermissions [none]
[debug] [2026-06-09T17:50:25.268Z] >>> [apiv2][body] POST https://iam.googleapis.com/v1/projects/ajr3dgalaxy/serviceAccounts/ajr3dgalaxy@appspot.gserviceaccount.com:testIamPermissions {"permissions":["iam.serviceAccounts.actAs"]}
[debug] [2026-06-09T17:50:34.198Z] <<< [apiv2][status] POST https://iam.googleapis.com/v1/projects/ajr3dgalaxy/serviceAccounts/ajr3dgalaxy@appspot.gserviceaccount.com:testIamPermissions 200
[debug] [2026-06-09T17:50:34.198Z] <<< [apiv2][body] POST https://iam.googleapis.com/v1/projects/ajr3dgalaxy/serviceAccounts/ajr3dgalaxy@appspot.gserviceaccount.com:testIamPermissions {"permissions":["iam.serviceAccounts.actAs"]}
[info] 
[info] === Deploying to 'ajr3dgalaxy'...
[info] 
[info] i  deploying functions 
[info] +  functions: Finished running predeploy script. 
[debug] [2026-06-09T17:50:34.201Z] Checked if tokens are valid: true, expires at: 1781029789035
[debug] [2026-06-09T17:50:34.201Z] Checked if tokens are valid: true, expires at: 1781029789035
[debug] [2026-06-09T17:50:34.201Z] >>> [apiv2][query] GET https://cloudresourcemanager.googleapis.com/v1/projects/ajr3dgalaxy [none]
[debug] [2026-06-09T17:50:46.269Z] *** [apiv2] error from fetch(https://cloudresourcemanager.googleapis.com/v1/projects/ajr3dgalaxy, {"headers":{},"method":"GET"}): FetchError: request to https://cloudresourcemanager.googleapis.com/v1/projects/ajr3dgalaxy failed, reason: read ECONNRESET
[debug] [2026-06-09T17:50:51.281Z] Error: Timed out.
    at Timeout._onTimeout (C:\Users\Admin\AppData\Roaming\npm\node_modules\firebase-tools\lib\utils.js:310:49)
    at listOnTimeout (node:internal/timers:585:17)
    at process.processTimers (node:internal/timers:521:7)
[error] 
[error] Error: An unexpected error has occurred.
